{"total": {"lines":{"total":149,"covered":98,"skipped":0,"pct":65.77},"statements":{"total":161,"covered":106,"skipped":0,"pct":65.84},"functions":{"total":48,"covered":33,"skipped":0,"pct":68.75},"branches":{"total":36,"covered":17,"skipped":0,"pct":47.22}}
,"/home/mayse/Documentos/projetos/front-end/sd-021-b-project-trivia-react-redux/src/App.js": {"lines":{"total":1,"covered":1,"skipped":0,"pct":100},"functions":{"total":1,"covered":1,"skipped":0,"pct":100},"statements":{"total":1,"covered":1,"skipped":0,"pct":100},"branches":{"total":0,"covered":0,"skipped":0,"pct":100}}
,"/home/mayse/Documentos/projetos/front-end/sd-021-b-project-trivia-react-redux/src/components/Header.jsx": {"lines":{"total":5,"covered":5,"skipped":0,"pct":100},"functions":{"total":2,"covered":2,"skipped":0,"pct":100},"statements":{"total":6,"covered":6,"skipped":0,"pct":100},"branches":{"total":0,"covered":0,"skipped":0,"pct":100}}
,"/home/mayse/Documentos/projetos/front-end/sd-021-b-project-trivia-react-redux/src/components/Questions.jsx": {"lines":{"total":73,"covered":22,"skipped":0,"pct":30.14},"functions":{"total":19,"covered":4,"skipped":0,"pct":21.05},"statements":{"total":79,"covered":24,"skipped":0,"pct":30.38},"branches":{"total":22,"covered":3,"skipped":0,"pct":13.64}}
,"/home/mayse/Documentos/projetos/front-end/sd-021-b-project-trivia-react-redux/src/pages/Feedback.jsx": {"lines":{"total":14,"covered":14,"skipped":0,"pct":100},"functions":{"total":7,"covered":7,"skipped":0,"pct":100},"statements":{"total":16,"covered":16,"skipped":0,"pct":100},"branches":{"total":2,"covered":2,"skipped":0,"pct":100}}
,"/home/mayse/Documentos/projetos/front-end/sd-021-b-project-trivia-react-redux/src/pages/Game.jsx": {"lines":{"total":4,"covered":4,"skipped":0,"pct":100},"functions":{"total":2,"covered":2,"skipped":0,"pct":100},"statements":{"total":5,"covered":5,"skipped":0,"pct":100},"branches":{"total":0,"covered":0,"skipped":0,"pct":100}}
,"/home/mayse/Documentos/projetos/front-end/sd-021-b-project-trivia-react-redux/src/pages/Login.jsx": {"lines":{"total":30,"covered":30,"skipped":0,"pct":100},"functions":{"total":10,"covered":10,"skipped":0,"pct":100},"statements":{"total":31,"covered":31,"skipped":0,"pct":100},"branches":{"total":10,"covered":10,"skipped":0,"pct":100}}
,"/home/mayse/Documentos/projetos/front-end/sd-021-b-project-trivia-react-redux/src/pages/Ranking.jsx": {"lines":{"total":14,"covered":14,"skipped":0,"pct":100},"functions":{"total":6,"covered":6,"skipped":0,"pct":100},"statements":{"total":15,"covered":15,"skipped":0,"pct":100},"branches":{"total":2,"covered":2,"skipped":0,"pct":100}}
,"/home/mayse/Documentos/projetos/front-end/sd-021-b-project-trivia-react-redux/src/pages/Settings.jsx": {"lines":{"total":1,"covered":1,"skipped":0,"pct":100},"functions":{"total":1,"covered":1,"skipped":0,"pct":100},"statements":{"total":1,"covered":1,"skipped":0,"pct":100},"branches":{"total":0,"covered":0,"skipped":0,"pct":100}}
,"/home/mayse/Documentos/projetos/front-end/sd-021-b-project-trivia-react-redux/src/tests/Mocks/dataMock.js": {"lines":{"total":7,"covered":7,"skipped":0,"pct":100},"functions":{"total":0,"covered":0,"skipped":0,"pct":100},"statements":{"total":7,"covered":7,"skipped":0,"pct":100},"branches":{"total":0,"covered":0,"skipped":0,"pct":100}}
}
