{"/home/mayse/Documentos/projetos/front-end/sd-021-b-project-trivia-react-redux/src/App.js": {"path":"/home/mayse/Documentos/projetos/front-end/sd-021-b-project-trivia-react-redux/src/App.js","statementMap":{"0":{"start":{"line":11,"column":2},"end":{"line":19,"column":4}}},"fnMap":{"0":{"name":"App","decl":{"start":{"line":10,"column":24},"end":{"line":10,"column":27}},"loc":{"start":{"line":10,"column":30},"end":{"line":20,"column":1}},"line":10}},"branchMap":{},"s":{"0":10},"f":{"0":10},"b":{},"_coverageSchema":"43e27e138ebf9cfc5966b082cf9a028302ed4184","hash":"019ddd0d911326ccf58f3121d03f8970798dc037"}
,"/home/mayse/Documentos/projetos/front-end/sd-021-b-project-trivia-react-redux/src/components/Header.jsx": {"path":"/home/mayse/Documentos/projetos/front-end/sd-021-b-project-trivia-react-redux/src/components/Header.jsx","statementMap":{"0":{"start":{"line":7,"column":36},"end":{"line":7,"column":46}},"1":{"start":{"line":8,"column":4},"end":{"line":22,"column":6}},"2":{"start":{"line":26,"column":24},"end":{"line":31,"column":2}},"3":{"start":{"line":26,"column":36},"end":{"line":31,"column":1}},"4":{"start":{"line":33,"column":0},"end":{"line":37,"column":2}},"5":{"start":{"line":39,"column":0},"end":{"line":41,"column":2}}},"fnMap":{"0":{"name":"(anonymous_0)","decl":{"start":{"line":6,"column":2},"end":{"line":6,"column":3}},"loc":{"start":{"line":6,"column":11},"end":{"line":23,"column":3}},"line":6},"1":{"name":"(anonymous_1)","decl":{"start":{"line":26,"column":24},"end":{"line":26,"column":25}},"loc":{"start":{"line":26,"column":36},"end":{"line":31,"column":1}},"line":26}},"branchMap":{},"s":{"0":5,"1":5,"2":3,"3":5,"4":3,"5":3},"f":{"0":5,"1":5},"b":{},"_coverageSchema":"43e27e138ebf9cfc5966b082cf9a028302ed4184","hash":"c7f47bc18ef7f014ee4bd50b30b2e7fac4537b91"}
,"/home/mayse/Documentos/projetos/front-end/sd-021-b-project-trivia-react-redux/src/components/Questions.jsx": {"path":"/home/mayse/Documentos/projetos/front-end/sd-021-b-project-trivia-react-redux/src/components/Questions.jsx","statementMap":{"0":{"start":{"line":6,"column":22},"end":{"line":11,"column":1}},"1":{"start":{"line":12,"column":20},"end":{"line":12,"column":24}},"2":{"start":{"line":14,"column":14},"end":{"line":14,"column":18}},"3":{"start":{"line":17,"column":8},"end":{"line":17,"column":21}},"4":{"start":{"line":20,"column":16},"end":{"line":20,"column":45}},"5":{"start":{"line":21,"column":22},"end":{"line":21,"column":32}},"6":{"start":{"line":22,"column":2},"end":{"line":25,"column":3}},"7":{"start":{"line":23,"column":4},"end":{"line":23,"column":22}},"8":{"start":{"line":24,"column":4},"end":{"line":24,"column":11}},"9":{"start":{"line":26,"column":2},"end":{"line":26,"column":55}},"10":{"start":{"line":27,"column":35},"end":{"line":27,"column":45}},"11":{"start":{"line":28,"column":22},"end":{"line":28,"column":32}},"12":{"start":{"line":29,"column":16},"end":{"line":29,"column":28}},"13":{"start":{"line":30,"column":28},"end":{"line":30,"column":38}},"14":{"start":{"line":31,"column":2},"end":{"line":41,"column":3}},"15":{"start":{"line":32,"column":4},"end":{"line":32,"column":70}},"16":{"start":{"line":32,"column":52},"end":{"line":32,"column":68}},"17":{"start":{"line":33,"column":4},"end":{"line":34,"column":50}},"18":{"start":{"line":34,"column":6},"end":{"line":34,"column":47}},"19":{"start":{"line":35,"column":4},"end":{"line":35,"column":72}},"20":{"start":{"line":36,"column":4},"end":{"line":36,"column":56}},"21":{"start":{"line":36,"column":21},"end":{"line":36,"column":54}},"22":{"start":{"line":37,"column":4},"end":{"line":40,"column":7}},"23":{"start":{"line":44,"column":16},"end":{"line":54,"column":3}},"24":{"start":{"line":45,"column":26},"end":{"line":45,"column":36}},"25":{"start":{"line":46,"column":4},"end":{"line":53,"column":5}},"26":{"start":{"line":47,"column":6},"end":{"line":49,"column":9}},"27":{"start":{"line":51,"column":6},"end":{"line":51,"column":29}},"28":{"start":{"line":52,"column":6},"end":{"line":52,"column":43}},"29":{"start":{"line":56,"column":15},"end":{"line":75,"column":1}},"30":{"start":{"line":57,"column":2},"end":{"line":57,"column":25}},"31":{"start":{"line":58,"column":2},"end":{"line":58,"column":39}},"32":{"start":{"line":59,"column":23},"end":{"line":59,"column":33}},"33":{"start":{"line":60,"column":2},"end":{"line":74,"column":3}},"34":{"start":{"line":61,"column":59},"end":{"line":61,"column":69}},"35":{"start":{"line":62,"column":16},"end":{"line":62,"column":17}},"36":{"start":{"line":63,"column":16},"end":{"line":63,"column":17}},"37":{"start":{"line":64,"column":18},"end":{"line":64,"column":19}},"38":{"start":{"line":65,"column":17},"end":{"line":65,"column":18}},"39":{"start":{"line":66,"column":4},"end":{"line":72,"column":5}},"40":{"start":{"line":67,"column":6},"end":{"line":67,"column":19}},"41":{"start":{"line":68,"column":11},"end":{"line":72,"column":5}},"42":{"start":{"line":69,"column":6},"end":{"line":69,"column":19}},"43":{"start":{"line":71,"column":6},"end":{"line":71,"column":21}},"44":{"start":{"line":73,"column":4},"end":{"line":73,"column":32}},"45":{"start":{"line":77,"column":10},"end":{"line":105,"column":1}},"46":{"start":{"line":78,"column":2},"end":{"line":104,"column":5}},"47":{"start":{"line":79,"column":4},"end":{"line":79,"column":57}},"48":{"start":{"line":81,"column":30},"end":{"line":81,"column":40}},"49":{"start":{"line":82,"column":4},"end":{"line":82,"column":17}},"50":{"start":{"line":83,"column":37},"end":{"line":83,"column":47}},"51":{"start":{"line":84,"column":17},"end":{"line":84,"column":18}},"52":{"start":{"line":85,"column":4},"end":{"line":90,"column":5}},"53":{"start":{"line":86,"column":6},"end":{"line":88,"column":9}},"54":{"start":{"line":87,"column":8},"end":{"line":87,"column":34}},"55":{"start":{"line":89,"column":6},"end":{"line":89,"column":13}},"56":{"start":{"line":91,"column":39},"end":{"line":91,"column":49}},"57":{"start":{"line":92,"column":4},"end":{"line":92,"column":17}},"58":{"start":{"line":93,"column":4},"end":{"line":103,"column":5}},"59":{"start":{"line":94,"column":6},"end":{"line":94,"column":72}},"60":{"start":{"line":94,"column":54},"end":{"line":94,"column":70}},"61":{"start":{"line":95,"column":6},"end":{"line":96,"column":54}},"62":{"start":{"line":96,"column":8},"end":{"line":96,"column":51}},"63":{"start":{"line":97,"column":6},"end":{"line":97,"column":76}},"64":{"start":{"line":98,"column":6},"end":{"line":98,"column":60}},"65":{"start":{"line":98,"column":25},"end":{"line":98,"column":58}},"66":{"start":{"line":99,"column":6},"end":{"line":102,"column":9}},"67":{"start":{"line":108,"column":63},"end":{"line":108,"column":73}},"68":{"start":{"line":109,"column":24},"end":{"line":109,"column":34}},"69":{"start":{"line":110,"column":2},"end":{"line":138,"column":4}},"70":{"start":{"line":117,"column":10},"end":{"line":127,"column":19}},"71":{"start":{"line":122,"column":28},"end":{"line":122,"column":54}},"72":{"start":{"line":142,"column":0},"end":{"line":150,"column":2}},"73":{"start":{"line":152,"column":24},"end":{"line":155,"column":2}},"74":{"start":{"line":152,"column":36},"end":{"line":155,"column":1}},"75":{"start":{"line":162,"column":27},"end":{"line":165,"column":2}},"76":{"start":{"line":162,"column":42},"end":{"line":165,"column":1}},"77":{"start":{"line":163,"column":14},"end":{"line":163,"column":36}},"78":{"start":{"line":164,"column":36},"end":{"line":164,"column":74}}},"fnMap":{"0":{"name":"(anonymous_0)","decl":{"start":{"line":19,"column":0},"end":{"line":19,"column":1}},"loc":{"start":{"line":19,"column":20},"end":{"line":42,"column":1}},"line":19},"1":{"name":"(anonymous_1)","decl":{"start":{"line":32,"column":37},"end":{"line":32,"column":38}},"loc":{"start":{"line":32,"column":52},"end":{"line":32,"column":68}},"line":32},"2":{"name":"(anonymous_2)","decl":{"start":{"line":33,"column":46},"end":{"line":33,"column":47}},"loc":{"start":{"line":34,"column":6},"end":{"line":34,"column":47}},"line":34},"3":{"name":"(anonymous_3)","decl":{"start":{"line":36,"column":15},"end":{"line":36,"column":16}},"loc":{"start":{"line":36,"column":21},"end":{"line":36,"column":54}},"line":36},"4":{"name":"(anonymous_4)","decl":{"start":{"line":44,"column":16},"end":{"line":44,"column":17}},"loc":{"start":{"line":44,"column":22},"end":{"line":54,"column":3}},"line":44},"5":{"name":"(anonymous_5)","decl":{"start":{"line":56,"column":15},"end":{"line":56,"column":16}},"loc":{"start":{"line":56,"column":28},"end":{"line":75,"column":1}},"line":56},"6":{"name":"(anonymous_6)","decl":{"start":{"line":77,"column":10},"end":{"line":77,"column":11}},"loc":{"start":{"line":77,"column":16},"end":{"line":105,"column":1}},"line":77},"7":{"name":"(anonymous_7)","decl":{"start":{"line":78,"column":55},"end":{"line":78,"column":56}},"loc":{"start":{"line":78,"column":67},"end":{"line":104,"column":3}},"line":78},"8":{"name":"(anonymous_8)","decl":{"start":{"line":86,"column":35},"end":{"line":86,"column":36}},"loc":{"start":{"line":86,"column":41},"end":{"line":88,"column":7}},"line":86},"9":{"name":"(anonymous_9)","decl":{"start":{"line":94,"column":39},"end":{"line":94,"column":40}},"loc":{"start":{"line":94,"column":54},"end":{"line":94,"column":70}},"line":94},"10":{"name":"(anonymous_10)","decl":{"start":{"line":95,"column":48},"end":{"line":95,"column":49}},"loc":{"start":{"line":96,"column":8},"end":{"line":96,"column":51}},"line":96},"11":{"name":"(anonymous_11)","decl":{"start":{"line":98,"column":19},"end":{"line":98,"column":20}},"loc":{"start":{"line":98,"column":25},"end":{"line":98,"column":58}},"line":98},"12":{"name":"(anonymous_12)","decl":{"start":{"line":107,"column":0},"end":{"line":107,"column":1}},"loc":{"start":{"line":107,"column":9},"end":{"line":139,"column":1}},"line":107},"13":{"name":"(anonymous_13)","decl":{"start":{"line":116,"column":21},"end":{"line":116,"column":22}},"loc":{"start":{"line":117,"column":10},"end":{"line":127,"column":19}},"line":117},"14":{"name":"(anonymous_14)","decl":{"start":{"line":122,"column":22},"end":{"line":122,"column":23}},"loc":{"start":{"line":122,"column":28},"end":{"line":122,"column":54}},"line":122},"15":{"name":"(anonymous_15)","decl":{"start":{"line":152,"column":24},"end":{"line":152,"column":25}},"loc":{"start":{"line":152,"column":36},"end":{"line":155,"column":1}},"line":152},"16":{"name":"(anonymous_16)","decl":{"start":{"line":162,"column":27},"end":{"line":162,"column":28}},"loc":{"start":{"line":162,"column":42},"end":{"line":165,"column":1}},"line":162},"17":{"name":"(anonymous_17)","decl":{"start":{"line":163,"column":8},"end":{"line":163,"column":9}},"loc":{"start":{"line":163,"column":14},"end":{"line":163,"column":36}},"line":163},"18":{"name":"(anonymous_18)","decl":{"start":{"line":164,"column":12},"end":{"line":164,"column":13}},"loc":{"start":{"line":164,"column":36},"end":{"line":164,"column":74}},"line":164}},"branchMap":{"0":{"loc":{"start":{"line":22,"column":2},"end":{"line":25,"column":3}},"type":"if","locations":[{"start":{"line":22,"column":2},"end":{"line":25,"column":3}},{"start":{"line":22,"column":2},"end":{"line":25,"column":3}}],"line":22},"1":{"loc":{"start":{"line":31,"column":2},"end":{"line":41,"column":3}},"type":"if","locations":[{"start":{"line":31,"column":2},"end":{"line":41,"column":3}},{"start":{"line":31,"column":2},"end":{"line":41,"column":3}}],"line":31},"2":{"loc":{"start":{"line":46,"column":4},"end":{"line":53,"column":5}},"type":"if","locations":[{"start":{"line":46,"column":4},"end":{"line":53,"column":5}},{"start":{"line":46,"column":4},"end":{"line":53,"column":5}}],"line":46},"3":{"loc":{"start":{"line":60,"column":2},"end":{"line":74,"column":3}},"type":"if","locations":[{"start":{"line":60,"column":2},"end":{"line":74,"column":3}},{"start":{"line":60,"column":2},"end":{"line":74,"column":3}}],"line":60},"4":{"loc":{"start":{"line":66,"column":4},"end":{"line":72,"column":5}},"type":"if","locations":[{"start":{"line":66,"column":4},"end":{"line":72,"column":5}},{"start":{"line":66,"column":4},"end":{"line":72,"column":5}}],"line":66},"5":{"loc":{"start":{"line":68,"column":11},"end":{"line":72,"column":5}},"type":"if","locations":[{"start":{"line":68,"column":11},"end":{"line":72,"column":5}},{"start":{"line":68,"column":11},"end":{"line":72,"column":5}}],"line":68},"6":{"loc":{"start":{"line":85,"column":4},"end":{"line":90,"column":5}},"type":"if","locations":[{"start":{"line":85,"column":4},"end":{"line":90,"column":5}},{"start":{"line":85,"column":4},"end":{"line":90,"column":5}}],"line":85},"7":{"loc":{"start":{"line":93,"column":4},"end":{"line":103,"column":5}},"type":"if","locations":[{"start":{"line":93,"column":4},"end":{"line":103,"column":5}},{"start":{"line":93,"column":4},"end":{"line":103,"column":5}}],"line":93},"8":{"loc":{"start":{"line":118,"column":24},"end":{"line":118,"column":54}},"type":"cond-expr","locations":[{"start":{"line":118,"column":38},"end":{"line":118,"column":45}},{"start":{"line":118,"column":48},"end":{"line":118,"column":54}}],"line":118},"9":{"loc":{"start":{"line":123,"column":26},"end":{"line":124,"column":62}},"type":"cond-expr","locations":[{"start":{"line":124,"column":16},"end":{"line":124,"column":43}},{"start":{"line":124,"column":46},"end":{"line":124,"column":62}}],"line":123},"10":{"loc":{"start":{"line":128,"column":9},"end":{"line":135,"column":20}},"type":"binary-expr","locations":[{"start":{"line":128,"column":9},"end":{"line":128,"column":20}},{"start":{"line":129,"column":10},"end":{"line":135,"column":19}}],"line":128}},"s":{"0":3,"1":3,"2":3,"3":1,"4":1,"5":1,"6":1,"7":0,"8":0,"9":1,"10":1,"11":1,"12":1,"13":1,"14":1,"15":0,"16":0,"17":0,"18":0,"19":0,"20":0,"21":0,"22":0,"23":1,"24":0,"25":0,"26":0,"27":0,"28":0,"29":1,"30":0,"31":0,"32":0,"33":0,"34":0,"35":0,"36":0,"37":0,"38":0,"39":0,"40":0,"41":0,"42":0,"43":0,"44":0,"45":1,"46":0,"47":0,"48":0,"49":0,"50":0,"51":0,"52":0,"53":0,"54":0,"55":0,"56":0,"57":0,"58":0,"59":0,"60":0,"61":0,"62":0,"63":0,"64":0,"65":0,"66":0,"67":1,"68":1,"69":1,"70":0,"71":0,"72":3,"73":3,"74":1,"75":3,"76":1,"77":0,"78":0},"f":{"0":1,"1":0,"2":0,"3":0,"4":0,"5":0,"6":0,"7":0,"8":0,"9":0,"10":0,"11":0,"12":1,"13":0,"14":0,"15":1,"16":1,"17":0,"18":0},"b":{"0":[0,1],"1":[0,1],"2":[0,0],"3":[0,0],"4":[0,0],"5":[0,0],"6":[0,0],"7":[0,0],"8":[0,0],"9":[0,0],"10":[1,0]},"_coverageSchema":"43e27e138ebf9cfc5966b082cf9a028302ed4184","hash":"52f256f7af59e5e2c654539b56123ccbe9ce0c03"}
,"/home/mayse/Documentos/projetos/front-end/sd-021-b-project-trivia-react-redux/src/pages/Feedback.jsx": {"path":"/home/mayse/Documentos/projetos/front-end/sd-021-b-project-trivia-react-redux/src/pages/Feedback.jsx","statementMap":{"0":{"start":{"line":8,"column":20},"end":{"line":8,"column":21}},"1":{"start":{"line":12,"column":48},"end":{"line":12,"column":58}},"2":{"start":{"line":13,"column":4},"end":{"line":13,"column":36}},"3":{"start":{"line":16,"column":13},"end":{"line":20,"column":3}},"4":{"start":{"line":17,"column":31},"end":{"line":17,"column":41}},"5":{"start":{"line":18,"column":4},"end":{"line":18,"column":12}},"6":{"start":{"line":19,"column":4},"end":{"line":19,"column":22}},"7":{"start":{"line":23,"column":31},"end":{"line":23,"column":41}},"8":{"start":{"line":24,"column":4},"end":{"line":53,"column":6}},"9":{"start":{"line":57,"column":24},"end":{"line":62,"column":2}},"10":{"start":{"line":57,"column":36},"end":{"line":62,"column":1}},"11":{"start":{"line":64,"column":27},"end":{"line":67,"column":2}},"12":{"start":{"line":64,"column":42},"end":{"line":67,"column":1}},"13":{"start":{"line":65,"column":39},"end":{"line":65,"column":88}},"14":{"start":{"line":66,"column":15},"end":{"line":66,"column":35}},"15":{"start":{"line":69,"column":0},"end":{"line":79,"column":2}}},"fnMap":{"0":{"name":"(anonymous_0)","decl":{"start":{"line":11,"column":2},"end":{"line":11,"column":3}},"loc":{"start":{"line":11,"column":22},"end":{"line":14,"column":3}},"line":11},"1":{"name":"(anonymous_1)","decl":{"start":{"line":16,"column":13},"end":{"line":16,"column":14}},"loc":{"start":{"line":16,"column":19},"end":{"line":20,"column":3}},"line":16},"2":{"name":"(anonymous_2)","decl":{"start":{"line":22,"column":2},"end":{"line":22,"column":3}},"loc":{"start":{"line":22,"column":11},"end":{"line":54,"column":3}},"line":22},"3":{"name":"(anonymous_3)","decl":{"start":{"line":57,"column":24},"end":{"line":57,"column":25}},"loc":{"start":{"line":57,"column":36},"end":{"line":62,"column":1}},"line":57},"4":{"name":"(anonymous_4)","decl":{"start":{"line":64,"column":27},"end":{"line":64,"column":28}},"loc":{"start":{"line":64,"column":42},"end":{"line":67,"column":1}},"line":64},"5":{"name":"(anonymous_5)","decl":{"start":{"line":65,"column":14},"end":{"line":65,"column":15}},"loc":{"start":{"line":65,"column":39},"end":{"line":65,"column":88}},"line":65},"6":{"name":"(anonymous_6)","decl":{"start":{"line":66,"column":9},"end":{"line":66,"column":10}},"loc":{"start":{"line":66,"column":15},"end":{"line":66,"column":35}},"line":66}},"branchMap":{"0":{"loc":{"start":{"line":28,"column":12},"end":{"line":28,"column":71}},"type":"cond-expr","locations":[{"start":{"line":28,"column":36},"end":{"line":28,"column":56}},{"start":{"line":28,"column":59},"end":{"line":28,"column":71}}],"line":28}},"s":{"0":3,"1":4,"2":4,"3":4,"4":1,"5":1,"6":1,"7":4,"8":4,"9":3,"10":5,"11":3,"12":4,"13":4,"14":1,"15":3},"f":{"0":4,"1":1,"2":4,"3":5,"4":4,"5":4,"6":1},"b":{"0":[3,1]},"_coverageSchema":"43e27e138ebf9cfc5966b082cf9a028302ed4184","hash":"507b16d98cf939efcb9f9e385730c9fadaf543ee"}
,"/home/mayse/Documentos/projetos/front-end/sd-021-b-project-trivia-react-redux/src/pages/Game.jsx": {"path":"/home/mayse/Documentos/projetos/front-end/sd-021-b-project-trivia-react-redux/src/pages/Game.jsx","statementMap":{"0":{"start":{"line":9,"column":24},"end":{"line":9,"column":34}},"1":{"start":{"line":10,"column":4},"end":{"line":15,"column":6}},"2":{"start":{"line":19,"column":0},"end":{"line":23,"column":2}},"3":{"start":{"line":25,"column":24},"end":{"line":27,"column":2}},"4":{"start":{"line":25,"column":36},"end":{"line":27,"column":1}}},"fnMap":{"0":{"name":"(anonymous_0)","decl":{"start":{"line":8,"column":2},"end":{"line":8,"column":3}},"loc":{"start":{"line":8,"column":11},"end":{"line":16,"column":3}},"line":8},"1":{"name":"(anonymous_1)","decl":{"start":{"line":25,"column":24},"end":{"line":25,"column":25}},"loc":{"start":{"line":25,"column":36},"end":{"line":27,"column":1}},"line":25}},"branchMap":{},"s":{"0":1,"1":1,"2":3,"3":3,"4":1},"f":{"0":1,"1":1},"b":{},"_coverageSchema":"43e27e138ebf9cfc5966b082cf9a028302ed4184","hash":"357bcee397d303463a5e79dd0264e13128212bf4"}
,"/home/mayse/Documentos/projetos/front-end/sd-021-b-project-trivia-react-redux/src/pages/Login.jsx": {"path":"/home/mayse/Documentos/projetos/front-end/sd-021-b-project-trivia-react-redux/src/pages/Login.jsx","statementMap":{"0":{"start":{"line":6,"column":22},"end":{"line":10,"column":1}},"1":{"start":{"line":13,"column":10},"end":{"line":13,"column":23}},"2":{"start":{"line":15,"column":19},"end":{"line":23,"column":3}},"3":{"start":{"line":16,"column":49},"end":{"line":16,"column":59}},"4":{"start":{"line":17,"column":4},"end":{"line":19,"column":5}},"5":{"start":{"line":18,"column":6},"end":{"line":18,"column":44}},"6":{"start":{"line":20,"column":4},"end":{"line":22,"column":5}},"7":{"start":{"line":21,"column":6},"end":{"line":21,"column":43}},"8":{"start":{"line":25,"column":19},"end":{"line":29,"column":3}},"9":{"start":{"line":26,"column":4},"end":{"line":28,"column":36}},"10":{"start":{"line":28,"column":13},"end":{"line":28,"column":34}},"11":{"start":{"line":31,"column":21},"end":{"line":34,"column":3}},"12":{"start":{"line":32,"column":24},"end":{"line":32,"column":34}},"13":{"start":{"line":33,"column":4},"end":{"line":33,"column":30}},"14":{"start":{"line":36,"column":16},"end":{"line":45,"column":3}},"15":{"start":{"line":37,"column":58},"end":{"line":37,"column":68}},"16":{"start":{"line":38,"column":20},"end":{"line":38,"column":37}},"17":{"start":{"line":39,"column":4},"end":{"line":39,"column":31}},"18":{"start":{"line":40,"column":4},"end":{"line":40,"column":42}},"19":{"start":{"line":41,"column":4},"end":{"line":41,"column":28}},"20":{"start":{"line":42,"column":18},"end":{"line":42,"column":47}},"21":{"start":{"line":43,"column":4},"end":{"line":43,"column":30}},"22":{"start":{"line":44,"column":4},"end":{"line":44,"column":26}},"23":{"start":{"line":48,"column":49},"end":{"line":48,"column":59}},"24":{"start":{"line":50,"column":4},"end":{"line":90,"column":6}},"25":{"start":{"line":94,"column":27},"end":{"line":98,"column":2}},"26":{"start":{"line":94,"column":42},"end":{"line":98,"column":1}},"27":{"start":{"line":95,"column":22},"end":{"line":95,"column":56}},"28":{"start":{"line":96,"column":23},"end":{"line":96,"column":55}},"29":{"start":{"line":97,"column":27},"end":{"line":97,"column":60}},"30":{"start":{"line":100,"column":0},"end":{"line":107,"column":2}}},"fnMap":{"0":{"name":"(anonymous_0)","decl":{"start":{"line":15,"column":19},"end":{"line":15,"column":20}},"loc":{"start":{"line":15,"column":25},"end":{"line":23,"column":3}},"line":15},"1":{"name":"(anonymous_1)","decl":{"start":{"line":25,"column":19},"end":{"line":25,"column":20}},"loc":{"start":{"line":25,"column":52},"end":{"line":29,"column":3}},"line":25},"2":{"name":"(anonymous_2)","decl":{"start":{"line":28,"column":7},"end":{"line":28,"column":8}},"loc":{"start":{"line":28,"column":13},"end":{"line":28,"column":34}},"line":28},"3":{"name":"(anonymous_3)","decl":{"start":{"line":31,"column":21},"end":{"line":31,"column":22}},"loc":{"start":{"line":31,"column":27},"end":{"line":34,"column":3}},"line":31},"4":{"name":"(anonymous_4)","decl":{"start":{"line":36,"column":16},"end":{"line":36,"column":17}},"loc":{"start":{"line":36,"column":28},"end":{"line":45,"column":3}},"line":36},"5":{"name":"(anonymous_5)","decl":{"start":{"line":47,"column":2},"end":{"line":47,"column":3}},"loc":{"start":{"line":47,"column":11},"end":{"line":91,"column":3}},"line":47},"6":{"name":"(anonymous_6)","decl":{"start":{"line":94,"column":27},"end":{"line":94,"column":28}},"loc":{"start":{"line":94,"column":42},"end":{"line":98,"column":1}},"line":94},"7":{"name":"(anonymous_7)","decl":{"start":{"line":95,"column":12},"end":{"line":95,"column":13}},"loc":{"start":{"line":95,"column":22},"end":{"line":95,"column":56}},"line":95},"8":{"name":"(anonymous_8)","decl":{"start":{"line":96,"column":12},"end":{"line":96,"column":13}},"loc":{"start":{"line":96,"column":23},"end":{"line":96,"column":55}},"line":96},"9":{"name":"(anonymous_9)","decl":{"start":{"line":97,"column":16},"end":{"line":97,"column":17}},"loc":{"start":{"line":97,"column":27},"end":{"line":97,"column":60}},"line":97}},"branchMap":{"0":{"loc":{"start":{"line":17,"column":4},"end":{"line":19,"column":5}},"type":"if","locations":[{"start":{"line":17,"column":4},"end":{"line":19,"column":5}},{"start":{"line":17,"column":4},"end":{"line":19,"column":5}}],"line":17},"1":{"loc":{"start":{"line":17,"column":8},"end":{"line":17,"column":68}},"type":"binary-expr","locations":[{"start":{"line":17,"column":9},"end":{"line":17,"column":24}},{"start":{"line":17,"column":28},"end":{"line":17,"column":52}},{"start":{"line":17,"column":57},"end":{"line":17,"column":68}}],"line":17},"2":{"loc":{"start":{"line":20,"column":4},"end":{"line":22,"column":5}},"type":"if","locations":[{"start":{"line":20,"column":4},"end":{"line":22,"column":5}},{"start":{"line":20,"column":4},"end":{"line":22,"column":5}}],"line":20},"3":{"loc":{"start":{"line":20,"column":8},"end":{"line":20,"column":73}},"type":"binary-expr","locations":[{"start":{"line":20,"column":9},"end":{"line":20,"column":26}},{"start":{"line":20,"column":30},"end":{"line":20,"column":56}},{"start":{"line":20,"column":61},"end":{"line":20,"column":73}}],"line":20}},"s":{"0":3,"1":6,"2":6,"3":52,"4":52,"5":22,"6":52,"7":21,"8":6,"9":52,"10":52,"11":6,"12":1,"13":1,"14":6,"15":1,"16":1,"17":1,"18":1,"19":1,"20":1,"21":1,"22":1,"23":101,"24":101,"25":3,"26":6,"27":1,"28":1,"29":1,"30":3},"f":{"0":52,"1":52,"2":52,"3":1,"4":1,"5":101,"6":6,"7":1,"8":1,"9":1},"b":{"0":[22,30],"1":[52,32,52],"2":[21,31],"3":[52,20,42]},"_coverageSchema":"43e27e138ebf9cfc5966b082cf9a028302ed4184","hash":"1461b79d6fe977efdf2520090ef3f0f279c3fdeb"}
,"/home/mayse/Documentos/projetos/front-end/sd-021-b-project-trivia-react-redux/src/pages/Ranking.jsx": {"path":"/home/mayse/Documentos/projetos/front-end/sd-021-b-project-trivia-react-redux/src/pages/Ranking.jsx","statementMap":{"0":{"start":{"line":7,"column":10},"end":{"line":9,"column":3}},"1":{"start":{"line":11,"column":22},"end":{"line":14,"column":3}},"2":{"start":{"line":12,"column":20},"end":{"line":12,"column":63}},"3":{"start":{"line":13,"column":4},"end":{"line":13,"column":31}},"4":{"start":{"line":16,"column":11},"end":{"line":20,"column":1}},"5":{"start":{"line":17,"column":29},"end":{"line":17,"column":39}},"6":{"start":{"line":18,"column":2},"end":{"line":18,"column":10}},"7":{"start":{"line":19,"column":2},"end":{"line":19,"column":20}},"8":{"start":{"line":23,"column":22},"end":{"line":23,"column":32}},"9":{"start":{"line":25,"column":2},"end":{"line":45,"column":4}},"10":{"start":{"line":30,"column":10},"end":{"line":34,"column":16}},"11":{"start":{"line":49,"column":27},"end":{"line":51,"column":2}},"12":{"start":{"line":49,"column":42},"end":{"line":51,"column":1}},"13":{"start":{"line":50,"column":15},"end":{"line":50,"column":35}},"14":{"start":{"line":53,"column":0},"end":{"line":58,"column":2}}},"fnMap":{"0":{"name":"(anonymous_0)","decl":{"start":{"line":11,"column":22},"end":{"line":11,"column":23}},"loc":{"start":{"line":11,"column":28},"end":{"line":14,"column":3}},"line":11},"1":{"name":"(anonymous_1)","decl":{"start":{"line":16,"column":11},"end":{"line":16,"column":12}},"loc":{"start":{"line":16,"column":17},"end":{"line":20,"column":1}},"line":16},"2":{"name":"(anonymous_2)","decl":{"start":{"line":22,"column":0},"end":{"line":22,"column":1}},"loc":{"start":{"line":22,"column":9},"end":{"line":46,"column":1}},"line":22},"3":{"name":"(anonymous_3)","decl":{"start":{"line":29,"column":21},"end":{"line":29,"column":22}},"loc":{"start":{"line":30,"column":10},"end":{"line":34,"column":16}},"line":30},"4":{"name":"(anonymous_4)","decl":{"start":{"line":49,"column":27},"end":{"line":49,"column":28}},"loc":{"start":{"line":49,"column":42},"end":{"line":51,"column":1}},"line":49},"5":{"name":"(anonymous_5)","decl":{"start":{"line":50,"column":9},"end":{"line":50,"column":10}},"loc":{"start":{"line":50,"column":15},"end":{"line":50,"column":35}},"line":50}},"branchMap":{"0":{"loc":{"start":{"line":33,"column":54},"end":{"line":33,"column":77}},"type":"binary-expr","locations":[{"start":{"line":33,"column":54},"end":{"line":33,"column":63}},{"start":{"line":33,"column":67},"end":{"line":33,"column":77}}],"line":33}},"s":{"0":3,"1":3,"2":3,"3":3,"4":3,"5":1,"6":1,"7":1,"8":6,"9":6,"10":8,"11":3,"12":3,"13":1,"14":3},"f":{"0":3,"1":1,"2":6,"3":8,"4":3,"5":1},"b":{"0":[8,8]},"_coverageSchema":"43e27e138ebf9cfc5966b082cf9a028302ed4184","hash":"77f7df0ba56b6dd69aa4c7c28bdd66589a483539"}
,"/home/mayse/Documentos/projetos/front-end/sd-021-b-project-trivia-react-redux/src/pages/Settings.jsx": {"path":"/home/mayse/Documentos/projetos/front-end/sd-021-b-project-trivia-react-redux/src/pages/Settings.jsx","statementMap":{"0":{"start":{"line":5,"column":4},"end":{"line":9,"column":6}}},"fnMap":{"0":{"name":"(anonymous_0)","decl":{"start":{"line":4,"column":2},"end":{"line":4,"column":3}},"loc":{"start":{"line":4,"column":11},"end":{"line":10,"column":3}},"line":4}},"branchMap":{},"s":{"0":1},"f":{"0":1},"b":{},"_coverageSchema":"43e27e138ebf9cfc5966b082cf9a028302ed4184","hash":"f9df1db4f6bd6dd0878d7198b1e0587f98657797"}
,"/home/mayse/Documentos/projetos/front-end/sd-021-b-project-trivia-react-redux/src/tests/Mocks/dataMock.js": {"path":"/home/mayse/Documentos/projetos/front-end/sd-021-b-project-trivia-react-redux/src/tests/Mocks/dataMock.js","statementMap":{"0":{"start":{"line":1,"column":31},"end":{"line":4,"column":1}},"1":{"start":{"line":6,"column":28},"end":{"line":15,"column":1}},"2":{"start":{"line":17,"column":30},"end":{"line":26,"column":1}},"3":{"start":{"line":28,"column":29},"end":{"line":32,"column":1}},"4":{"start":{"line":34,"column":29},"end":{"line":38,"column":1}},"5":{"start":{"line":40,"column":21},"end":{"line":40,"column":87}},"6":{"start":{"line":42,"column":32},"end":{"line":103,"column":1}}},"fnMap":{},"branchMap":{},"s":{"0":2,"1":2,"2":2,"3":2,"4":2,"5":2,"6":2},"f":{},"b":{},"_coverageSchema":"43e27e138ebf9cfc5966b082cf9a028302ed4184","hash":"f0b00dd2f27f6cf74eb047687a5ab7d1dd001eba"}
}
