TN:
SF:/home/mayse/Documentos/projetos/front-end/sd-021-b-project-trivia-react-redux/src/App.js
FN:10,App
FNF:1
FNH:1
FNDA:10,App
DA:11,10
LF:1
LH:1
BRF:0
BRH:0
end_of_record
TN:
SF:/home/mayse/Documentos/projetos/front-end/sd-021-b-project-trivia-react-redux/src/components/Header.jsx
FN:6,(anonymous_0)
FN:26,(anonymous_1)
FNF:2
FNH:2
FNDA:5,(anonymous_0)
FNDA:5,(anonymous_1)
DA:7,5
DA:8,5
DA:26,5
DA:33,3
DA:39,3
LF:5
LH:5
BRF:0
BRH:0
end_of_record
TN:
SF:/home/mayse/Documentos/projetos/front-end/sd-021-b-project-trivia-react-redux/src/components/Questions.jsx
FN:19,(anonymous_0)
FN:32,(anonymous_1)
FN:33,(anonymous_2)
FN:36,(anonymous_3)
FN:44,(anonymous_4)
FN:56,(anonymous_5)
FN:77,(anonymous_6)
FN:78,(anonymous_7)
FN:86,(anonymous_8)
FN:94,(anonymous_9)
FN:95,(anonymous_10)
FN:98,(anonymous_11)
FN:107,(anonymous_12)
FN:116,(anonymous_13)
FN:122,(anonymous_14)
FN:152,(anonymous_15)
FN:162,(anonymous_16)
FN:163,(anonymous_17)
FN:164,(anonymous_18)
FNF:19
FNH:4
FNDA:1,(anonymous_0)
FNDA:0,(anonymous_1)
FNDA:0,(anonymous_2)
FNDA:0,(anonymous_3)
FNDA:0,(anonymous_4)
FNDA:0,(anonymous_5)
FNDA:0,(anonymous_6)
FNDA:0,(anonymous_7)
FNDA:0,(anonymous_8)
FNDA:0,(anonymous_9)
FNDA:0,(anonymous_10)
FNDA:0,(anonymous_11)
FNDA:1,(anonymous_12)
FNDA:0,(anonymous_13)
FNDA:0,(anonymous_14)
FNDA:1,(anonymous_15)
FNDA:1,(anonymous_16)
FNDA:0,(anonymous_17)
FNDA:0,(anonymous_18)
DA:6,3
DA:12,3
DA:14,3
DA:17,1
DA:20,1
DA:21,1
DA:22,1
DA:23,0
DA:24,0
DA:26,1
DA:27,1
DA:28,1
DA:29,1
DA:30,1
DA:31,1
DA:32,0
DA:33,0
DA:34,0
DA:35,0
DA:36,0
DA:37,0
DA:44,1
DA:45,0
DA:46,0
DA:47,0
DA:51,0
DA:52,0
DA:56,1
DA:57,0
DA:58,0
DA:59,0
DA:60,0
DA:61,0
DA:62,0
DA:63,0
DA:64,0
DA:65,0
DA:66,0
DA:67,0
DA:68,0
DA:69,0
DA:71,0
DA:73,0
DA:77,1
DA:78,0
DA:79,0
DA:81,0
DA:82,0
DA:83,0
DA:84,0
DA:85,0
DA:86,0
DA:87,0
DA:89,0
DA:91,0
DA:92,0
DA:93,0
DA:94,0
DA:95,0
DA:96,0
DA:97,0
DA:98,0
DA:99,0
DA:108,1
DA:109,1
DA:110,1
DA:117,0
DA:122,0
DA:142,3
DA:152,3
DA:162,3
DA:163,0
DA:164,0
LF:73
LH:22
BRDA:22,0,0,0
BRDA:22,0,1,1
BRDA:31,1,0,0
BRDA:31,1,1,1
BRDA:46,2,0,0
BRDA:46,2,1,0
BRDA:60,3,0,0
BRDA:60,3,1,0
BRDA:66,4,0,0
BRDA:66,4,1,0
BRDA:68,5,0,0
BRDA:68,5,1,0
BRDA:85,6,0,0
BRDA:85,6,1,0
BRDA:93,7,0,0
BRDA:93,7,1,0
BRDA:118,8,0,0
BRDA:118,8,1,0
BRDA:123,9,0,0
BRDA:123,9,1,0
BRDA:128,10,0,1
BRDA:128,10,1,0
BRF:22
BRH:3
end_of_record
TN:
SF:/home/mayse/Documentos/projetos/front-end/sd-021-b-project-trivia-react-redux/src/pages/Feedback.jsx
FN:11,(anonymous_0)
FN:16,(anonymous_1)
FN:22,(anonymous_2)
FN:57,(anonymous_3)
FN:64,(anonymous_4)
FN:65,(anonymous_5)
FN:66,(anonymous_6)
FNF:7
FNH:7
FNDA:4,(anonymous_0)
FNDA:1,(anonymous_1)
FNDA:4,(anonymous_2)
FNDA:5,(anonymous_3)
FNDA:4,(anonymous_4)
FNDA:4,(anonymous_5)
FNDA:1,(anonymous_6)
DA:8,3
DA:12,4
DA:13,4
DA:16,4
DA:17,1
DA:18,1
DA:19,1
DA:23,4
DA:24,4
DA:57,5
DA:64,4
DA:65,4
DA:66,1
DA:69,3
LF:14
LH:14
BRDA:28,0,0,3
BRDA:28,0,1,1
BRF:2
BRH:2
end_of_record
TN:
SF:/home/mayse/Documentos/projetos/front-end/sd-021-b-project-trivia-react-redux/src/pages/Game.jsx
FN:8,(anonymous_0)
FN:25,(anonymous_1)
FNF:2
FNH:2
FNDA:1,(anonymous_0)
FNDA:1,(anonymous_1)
DA:9,1
DA:10,1
DA:19,3
DA:25,3
LF:4
LH:4
BRF:0
BRH:0
end_of_record
TN:
SF:/home/mayse/Documentos/projetos/front-end/sd-021-b-project-trivia-react-redux/src/pages/Login.jsx
FN:15,(anonymous_0)
FN:25,(anonymous_1)
FN:28,(anonymous_2)
FN:31,(anonymous_3)
FN:36,(anonymous_4)
FN:47,(anonymous_5)
FN:94,(anonymous_6)
FN:95,(anonymous_7)
FN:96,(anonymous_8)
FN:97,(anonymous_9)
FNF:10
FNH:10
FNDA:52,(anonymous_0)
FNDA:52,(anonymous_1)
FNDA:52,(anonymous_2)
FNDA:1,(anonymous_3)
FNDA:1,(anonymous_4)
FNDA:101,(anonymous_5)
FNDA:6,(anonymous_6)
FNDA:1,(anonymous_7)
FNDA:1,(anonymous_8)
FNDA:1,(anonymous_9)
DA:6,3
DA:13,6
DA:15,6
DA:16,52
DA:17,52
DA:18,22
DA:20,52
DA:21,21
DA:25,6
DA:26,52
DA:28,52
DA:31,6
DA:32,1
DA:33,1
DA:36,6
DA:37,1
DA:38,1
DA:39,1
DA:40,1
DA:41,1
DA:42,1
DA:43,1
DA:44,1
DA:48,101
DA:50,101
DA:94,6
DA:95,1
DA:96,1
DA:97,1
DA:100,3
LF:30
LH:30
BRDA:17,0,0,22
BRDA:17,0,1,30
BRDA:17,1,0,52
BRDA:17,1,1,32
BRDA:17,1,2,52
BRDA:20,2,0,21
BRDA:20,2,1,31
BRDA:20,3,0,52
BRDA:20,3,1,20
BRDA:20,3,2,42
BRF:10
BRH:10
end_of_record
TN:
SF:/home/mayse/Documentos/projetos/front-end/sd-021-b-project-trivia-react-redux/src/pages/Ranking.jsx
FN:11,(anonymous_0)
FN:16,(anonymous_1)
FN:22,(anonymous_2)
FN:29,(anonymous_3)
FN:49,(anonymous_4)
FN:50,(anonymous_5)
FNF:6
FNH:6
FNDA:3,(anonymous_0)
FNDA:1,(anonymous_1)
FNDA:6,(anonymous_2)
FNDA:8,(anonymous_3)
FNDA:3,(anonymous_4)
FNDA:1,(anonymous_5)
DA:7,3
DA:11,3
DA:12,3
DA:13,3
DA:16,3
DA:17,1
DA:18,1
DA:19,1
DA:23,6
DA:25,6
DA:30,8
DA:49,3
DA:50,1
DA:53,3
LF:14
LH:14
BRDA:33,0,0,8
BRDA:33,0,1,8
BRF:2
BRH:2
end_of_record
TN:
SF:/home/mayse/Documentos/projetos/front-end/sd-021-b-project-trivia-react-redux/src/pages/Settings.jsx
FN:4,(anonymous_0)
FNF:1
FNH:1
FNDA:1,(anonymous_0)
DA:5,1
LF:1
LH:1
BRF:0
BRH:0
end_of_record
TN:
SF:/home/mayse/Documentos/projetos/front-end/sd-021-b-project-trivia-react-redux/src/tests/Mocks/dataMock.js
FNF:0
FNH:0
DA:1,2
DA:6,2
DA:17,2
DA:28,2
DA:34,2
DA:40,2
DA:42,2
LF:7
LH:7
BRF:0
BRH:0
end_of_record
